# JRE version: Java(TM) SE Runtime Environment (17.0.12+8) (build 17.0.12+8-LTS-286)
# Java VM: Java HotSpot(TM) 64-Bit Server VM (17.0.12+8-LTS-286, mixed mode, sharing, tiered, compressed oops, compressed class ptrs, g1 gc, windows-amd64)
GC Precious Log:
 CPUs: 4 total, 4 available
 Memory: 8063M
 Large Page Support: Disabled
 NUMA Support: Disabled
 Compressed Oops: Enabled (32-bit)
 Heap Region Size: 1M
 Heap Min Capacity: 8M
 Heap Initial Capacity: 126M
 Heap Max Capacity: 2016M
 Pre-touch: Disabled
 Parallel Workers: 4
 Concurrent Workers: 1
 Concurrent Refinement Workers: 4
 Periodic GC: Disabled
Heap:
 garbage-first heap   total 132096K, used 44412K [0x0000000082000000, 0x0000000100000000)
  region size 1024K, 7 young (7168K), 5 survivors (5120K)
 Metaspace       used 30436K, committed 30720K, reserved 1114112K
  class space    used 3505K, committed 3648K, reserved 1048576K
GC Heap History (20 events):
Event: 6.643 GC heap before
{Heap before GC invocations=3 (full 0):
 garbage-first heap   total 129024K, used 79043K [0x0000000082000000, 0x0000000100000000)
  region size 1024K, 75 young (76800K), 3 survivors (3072K)
 Metaspace       used 15709K, committed 15936K, reserved 1114112K
  class space    used 1864K, committed 1920K, reserved 1048576K
}
Event: 6.664 GC heap after
{Heap after GC invocations=4 (full 0):
 garbage-first heap   total 129024K, used 12973K [0x0000000082000000, 0x0000000100000000)
  region size 1024K, 10 young (10240K), 10 survivors (10240K)
 Metaspace       used 15709K, committed 15936K, reserved 1114112K
  class space    used 1864K, committed 1920K, reserved 1048576K
}
Event: 10.010 GC heap before
{Heap before GC invocations=4 (full 0):
 garbage-first heap   total 129024K, used 110253K [0x0000000082000000, 0x0000000100000000)
  region size 1024K, 70 young (71680K), 10 survivors (10240K)
 Metaspace       used 19973K, committed 20288K, reserved 1114112K
  class space    used 2324K, committed 2496K, reserved 1048576K
}
Event: 10.034 GC heap after
{Heap after GC invocations=5 (full 0):
 garbage-first heap   total 129024K, used 21189K [0x0000000082000000, 0x0000000100000000)
  region size 1024K, 5 young (5120K), 5 survivors (5120K)
 Metaspace       used 19973K, committed 20288K, reserved 1114112K
  class space    used 2324K, committed 2496K, reserved 1048576K
}
Event: 10.242 GC heap before
{Heap before GC invocations=5 (full 0):
 garbage-first heap   total 129024K, used 23237K [0x0000000082000000, 0x0000000100000000)
  region size 1024K, 8 young (8192K), 5 survivors (5120K)
 Metaspace       used 21281K, committed 21504K, reserved 1114112K
  class space    used 2512K, committed 2624K, reserved 1048576K
}
Event: 10.252 GC heap after
{Heap after GC invocations=6 (full 0):
 garbage-first heap   total 129024K, used 20907K [0x0000000082000000, 0x0000000100000000)
  region size 1024K, 7 young (7168K), 7 survivors (7168K)
 Metaspace       used 21281K, committed 21504K, reserved 1114112K
  class space    used 2512K, committed 2624K, reserved 1048576K
}
Event: 11.458 GC heap before
{Heap before GC invocations=7 (full 0):
 garbage-first heap   total 75776K, used 50603K [0x0000000082000000, 0x0000000100000000)
  region size 1024K, 36 young (36864K), 7 survivors (7168K)
 Metaspace       used 25673K, committed 25984K, reserved 1114112K
  class space    used 2988K, committed 3136K, reserved 1048576K
}
Event: 11.488 GC heap after
{Heap after GC invocations=8 (full 0):
 garbage-first heap   total 75776K, used 31765K [0x0000000082000000, 0x0000000100000000)
  region size 1024K, 6 young (6144K), 6 survivors (6144K)
 Metaspace       used 25673K, committed 25984K, reserved 1114112K
  class space    used 2988K, committed 3136K, reserved 1048576K
}
Event: 11.548 GC heap before
{Heap before GC invocations=8 (full 0):
 garbage-first heap   total 75776K, used 32789K [0x0000000082000000, 0x0000000100000000)
  region size 1024K, 7 young (7168K), 6 survivors (6144K)
 Metaspace       used 25725K, committed 26048K, reserved 1114112K
  class space    used 2996K, committed 3136K, reserved 1048576K
}
Event: 11.563 GC heap after
{Heap after GC invocations=9 (full 0):
 garbage-first heap   total 75776K, used 33280K [0x0000000082000000, 0x0000000100000000)
  region size 1024K, 1 young (1024K), 1 survivors (1024K)
 Metaspace       used 25725K, committed 26048K, reserved 1114112K
  class space    used 2996K, committed 3136K, reserved 1048576K
}
Event: 12.158 GC heap before
{Heap before GC invocations=9 (full 0):
 garbage-first heap   total 75776K, used 48640K [0x0000000082000000, 0x0000000100000000)
  region size 1024K, 16 young (16384K), 1 survivors (1024K)
 Metaspace       used 26222K, committed 26496K, reserved 1114112K
  class space    used 3034K, committed 3136K, reserved 1048576K
}
Event: 12.172 GC heap after
{Heap after GC invocations=10 (full 0):
 garbage-first heap   total 75776K, used 35840K [0x0000000082000000, 0x0000000100000000)
  region size 1024K, 2 young (2048K), 2 survivors (2048K)
 Metaspace       used 26222K, committed 26496K, reserved 1114112K
  class space    used 3034K, committed 3136K, reserved 1048576K
}
Event: 12.915 GC heap before
{Heap before GC invocations=11 (full 0):
 garbage-first heap   total 75776K, used 52224K [0x0000000082000000, 0x0000000100000000)
  region size 1024K, 18 young (18432K), 2 survivors (2048K)
 Metaspace       used 26514K, committed 26816K, reserved 1114112K
  class space    used 3054K, committed 3200K, reserved 1048576K
}
Event: 12.932 GC heap after
{Heap after GC invocations=12 (full 0):
 garbage-first heap   total 75776K, used 39072K [0x0000000082000000, 0x0000000100000000)
  region size 1024K, 3 young (3072K), 3 survivors (3072K)
 Metaspace       used 26514K, committed 26816K, reserved 1114112K
  class space    used 3054K, committed 3200K, reserved 1048576K
}
Event: 14.055 GC heap before
{Heap before GC invocations=12 (full 0):
 garbage-first heap   total 75776K, used 52384K [0x0000000082000000, 0x0000000100000000)
  region size 1024K, 17 young (17408K), 3 survivors (3072K)
 Metaspace       used 27428K, committed 27712K, reserved 1114112K
  class space    used 3134K, committed 3264K, reserved 1048576K
}
Event: 14.072 GC heap after
{Heap after GC invocations=13 (full 0):
 garbage-first heap   total 132096K, used 41166K [0x0000000082000000, 0x0000000100000000)
  region size 1024K, 2 young (2048K), 2 survivors (2048K)
 Metaspace       used 27428K, committed 27712K, reserved 1114112K
  class space    used 3134K, committed 3264K, reserved 1048576K
}
Event: 16.995 GC heap before
{Heap before GC invocations=14 (full 0):
 garbage-first heap   total 132096K, used 85198K [0x0000000082000000, 0x0000000100000000)
  region size 1024K, 46 young (47104K), 2 survivors (2048K)
 Metaspace       used 29119K, committed 29440K, reserved 1114112K
  class space    used 3341K, committed 3456K, reserved 1048576K
}
Event: 17.004 GC heap after
{Heap after GC invocations=15 (full 0):
 garbage-first heap   total 132096K, used 42095K [0x0000000082000000, 0x0000000100000000)
  region size 1024K, 3 young (3072K), 3 survivors (3072K)
 Metaspace       used 29119K, committed 29440K, reserved 1114112K
  class space    used 3341K, committed 3456K, reserved 1048576K
}
Event: 21.443 GC heap before
{Heap before GC invocations=15 (full 0):
 garbage-first heap   total 132096K, used 90223K [0x0000000082000000, 0x0000000100000000)
  region size 1024K, 50 young (51200K), 3 survivors (3072K)
 Metaspace       used 30299K, committed 30592K, reserved 1114112K
  class space    used 3479K, committed 3584K, reserved 1048576K
}
Event: 21.457 GC heap after
{Heap after GC invocations=16 (full 0):
 garbage-first heap   total 132096K, used 43388K [0x0000000082000000, 0x0000000100000000)
  region size 1024K, 5 young (5120K), 5 survivors (5120K)
 Metaspace       used 30299K, committed 30592K, reserved 1114112K
  class space    used 3479K, committed 3584K, reserved 1048576K
}

